17-Sep-2019 19:17:30.244 INFO [main] org.apache.catalina.startup.VersionLoggerListener.log Server version name:   Apache Tomcat/9.0.24
17-Sep-2019 19:17:30.258 INFO [main] org.apache.catalina.startup.VersionLoggerListener.log Server built:          Aug 14 2019 21:16:42 UTC
17-Sep-2019 19:17:30.259 INFO [main] org.apache.catalina.startup.VersionLoggerListener.log Server version number: 9.0.24.0
17-Sep-2019 19:17:30.260 INFO [main] org.apache.catalina.startup.VersionLoggerListener.log OS Name:               Linux
17-Sep-2019 19:17:30.261 INFO [main] org.apache.catalina.startup.VersionLoggerListener.log OS Version:            4.19.0-6-amd64
17-Sep-2019 19:17:30.261 INFO [main] org.apache.catalina.startup.VersionLoggerListener.log Architecture:          amd64
17-Sep-2019 19:17:30.262 INFO [main] org.apache.catalina.startup.VersionLoggerListener.log Java Home:             /usr/lib/jvm/java-11-openjdk-amd64
17-Sep-2019 19:17:30.263 INFO [main] org.apache.catalina.startup.VersionLoggerListener.log JVM Version:           11.0.4+11-post-Debian-1deb10u1
17-Sep-2019 19:17:30.264 INFO [main] org.apache.catalina.startup.VersionLoggerListener.log JVM Vendor:            Debian
17-Sep-2019 19:17:30.264 INFO [main] org.apache.catalina.startup.VersionLoggerListener.log CATALINA_BASE:         /var/lib/apache-tomcat-9.0.24
17-Sep-2019 19:17:30.265 INFO [main] org.apache.catalina.startup.VersionLoggerListener.log CATALINA_HOME:         /var/lib/apache-tomcat-9.0.24
17-Sep-2019 19:17:30.327 INFO [main] org.apache.catalina.startup.VersionLoggerListener.log Command line argument: --add-opens=java.base/java.lang=ALL-UNNAMED
17-Sep-2019 19:17:30.328 INFO [main] org.apache.catalina.startup.VersionLoggerListener.log Command line argument: --add-opens=java.base/java.io=ALL-UNNAMED
17-Sep-2019 19:17:30.329 INFO [main] org.apache.catalina.startup.VersionLoggerListener.log Command line argument: --add-opens=java.rmi/sun.rmi.transport=ALL-UNNAMED
17-Sep-2019 19:17:30.331 INFO [main] org.apache.catalina.startup.VersionLoggerListener.log Command line argument: -Djava.util.logging.config.file=/var/lib/apache-tomcat-9.0.24/conf/logging.properties
17-Sep-2019 19:17:30.332 INFO [main] org.apache.catalina.startup.VersionLoggerListener.log Command line argument: -Djava.util.logging.manager=org.apache.juli.ClassLoaderLogManager
17-Sep-2019 19:17:30.332 INFO [main] org.apache.catalina.startup.VersionLoggerListener.log Command line argument: -Djdk.tls.ephemeralDHKeySize=2048
17-Sep-2019 19:17:30.333 INFO [main] org.apache.catalina.startup.VersionLoggerListener.log Command line argument: -Djava.protocol.handler.pkgs=org.apache.catalina.webresources
17-Sep-2019 19:17:30.334 INFO [main] org.apache.catalina.startup.VersionLoggerListener.log Command line argument: -Dorg.apache.catalina.security.SecurityListener.UMASK=0027
17-Sep-2019 19:17:30.335 INFO [main] org.apache.catalina.startup.VersionLoggerListener.log Command line argument: -Dignore.endorsed.dirs=
17-Sep-2019 19:17:30.336 INFO [main] org.apache.catalina.startup.VersionLoggerListener.log Command line argument: -Dcatalina.base=/var/lib/apache-tomcat-9.0.24
17-Sep-2019 19:17:30.337 INFO [main] org.apache.catalina.startup.VersionLoggerListener.log Command line argument: -Dcatalina.home=/var/lib/apache-tomcat-9.0.24
17-Sep-2019 19:17:30.338 INFO [main] org.apache.catalina.startup.VersionLoggerListener.log Command line argument: -Djava.io.tmpdir=/var/lib/apache-tomcat-9.0.24/temp
17-Sep-2019 19:17:30.339 INFO [main] org.apache.catalina.core.AprLifecycleListener.lifecycleEvent The APR based Apache Tomcat Native library which allows optimal performance in production environments was not found on the java.library.path: [/usr/java/packages/lib:/usr/lib/x86_64-linux-gnu/jni:/lib/x86_64-linux-gnu:/usr/lib/x86_64-linux-gnu:/usr/lib/jni:/lib:/usr/lib]
17-Sep-2019 19:17:31.739 INFO [main] org.apache.coyote.AbstractProtocol.init Initializing ProtocolHandler ["http-nio-8080"]
17-Sep-2019 19:17:31.830 SEVERE [main] org.apache.catalina.util.LifecycleBase.handleSubClassException Failed to initialize component [Connector[HTTP/1.1-8080]]
	org.apache.catalina.LifecycleException: Protocol handler initialization failed
		at org.apache.catalina.connector.Connector.initInternal(Connector.java:983)
		at org.apache.catalina.util.LifecycleBase.init(LifecycleBase.java:136)
		at org.apache.catalina.core.StandardService.initInternal(StandardService.java:533)
		at org.apache.catalina.util.LifecycleBase.init(LifecycleBase.java:136)
		at org.apache.catalina.core.StandardServer.initInternal(StandardServer.java:1059)
		at org.apache.catalina.util.LifecycleBase.init(LifecycleBase.java:136)
		at org.apache.catalina.startup.Catalina.load(Catalina.java:584)
		at org.apache.catalina.startup.Catalina.load(Catalina.java:607)
		at java.base/jdk.internal.reflect.NativeMethodAccessorImpl.invoke0(Native Method)
		at java.base/jdk.internal.reflect.NativeMethodAccessorImpl.invoke(NativeMethodAccessorImpl.java:62)
		at java.base/jdk.internal.reflect.DelegatingMethodAccessorImpl.invoke(DelegatingMethodAccessorImpl.java:43)
		at java.base/java.lang.reflect.Method.invoke(Method.java:566)
		at org.apache.catalina.startup.Bootstrap.load(Bootstrap.java:304)
		at org.apache.catalina.startup.Bootstrap.main(Bootstrap.java:474)
	Caused by: java.net.BindException: Address already in use
		at java.base/sun.nio.ch.Net.bind0(Native Method)
		at java.base/sun.nio.ch.Net.bind(Net.java:461)
		at java.base/sun.nio.ch.Net.bind(Net.java:453)
		at java.base/sun.nio.ch.ServerSocketChannelImpl.bind(ServerSocketChannelImpl.java:227)
		at java.base/sun.nio.ch.ServerSocketAdaptor.bind(ServerSocketAdaptor.java:80)
		at org.apache.tomcat.util.net.NioEndpoint.initServerSocket(NioEndpoint.java:230)
		at org.apache.tomcat.util.net.NioEndpoint.bind(NioEndpoint.java:213)
		at org.apache.tomcat.util.net.AbstractEndpoint.bindWithCleanup(AbstractEndpoint.java:1124)
		at org.apache.tomcat.util.net.AbstractEndpoint.init(AbstractEndpoint.java:1137)
		at org.apache.coyote.AbstractProtocol.init(AbstractProtocol.java:574)
		at org.apache.coyote.http11.AbstractHttp11Protocol.init(AbstractHttp11Protocol.java:74)
		at org.apache.catalina.connector.Connector.initInternal(Connector.java:980)
		... 13 more
17-Sep-2019 19:17:31.838 INFO [main] org.apache.coyote.AbstractProtocol.init Initializing ProtocolHandler ["ajp-nio-8009"]
17-Sep-2019 19:17:31.898 INFO [main] org.apache.catalina.startup.Catalina.load Server initialization in [2,597] milliseconds
17-Sep-2019 19:17:32.182 INFO [main] org.apache.catalina.core.StandardService.startInternal Starting service [Catalina]
17-Sep-2019 19:17:32.183 INFO [main] org.apache.catalina.core.StandardEngine.startInternal Starting Servlet engine: [Apache Tomcat/9.0.24]
17-Sep-2019 19:17:32.210 INFO [main] org.apache.catalina.startup.HostConfig.deployDirectory Deploying web application directory [/var/lib/apache-tomcat-9.0.24/webapps/docs]
17-Sep-2019 19:17:33.306 INFO [main] org.apache.catalina.startup.HostConfig.deployDirectory Deployment of web application directory [/var/lib/apache-tomcat-9.0.24/webapps/docs] has finished in [1,096] ms
17-Sep-2019 19:17:33.308 INFO [main] org.apache.catalina.startup.HostConfig.deployDirectory Deploying web application directory [/var/lib/apache-tomcat-9.0.24/webapps/host-manager]
17-Sep-2019 19:17:33.493 INFO [main] org.apache.catalina.startup.HostConfig.deployDirectory Deployment of web application directory [/var/lib/apache-tomcat-9.0.24/webapps/host-manager] has finished in [186] ms
17-Sep-2019 19:17:33.494 INFO [main] org.apache.catalina.startup.HostConfig.deployDirectory Deploying web application directory [/var/lib/apache-tomcat-9.0.24/webapps/manager]
17-Sep-2019 19:17:33.592 INFO [main] org.apache.catalina.startup.HostConfig.deployDirectory Deployment of web application directory [/var/lib/apache-tomcat-9.0.24/webapps/manager] has finished in [97] ms
17-Sep-2019 19:17:33.593 INFO [main] org.apache.catalina.startup.HostConfig.deployDirectory Deploying web application directory [/var/lib/apache-tomcat-9.0.24/webapps/ROOT]
17-Sep-2019 19:17:33.667 INFO [main] org.apache.catalina.startup.HostConfig.deployDirectory Deployment of web application directory [/var/lib/apache-tomcat-9.0.24/webapps/ROOT] has finished in [74] ms
17-Sep-2019 19:17:33.669 INFO [main] org.apache.catalina.startup.HostConfig.deployDirectory Deploying web application directory [/var/lib/apache-tomcat-9.0.24/webapps/examples]
17-Sep-2019 19:17:34.692 INFO [main] org.apache.catalina.startup.HostConfig.deployDirectory Deployment of web application directory [/var/lib/apache-tomcat-9.0.24/webapps/examples] has finished in [1,024] ms
17-Sep-2019 19:17:34.722 INFO [main] org.apache.coyote.AbstractProtocol.start Starting ProtocolHandler ["ajp-nio-8009"]
17-Sep-2019 19:17:34.758 INFO [main] org.apache.catalina.startup.Catalina.start Server startup in [2,858] milliseconds
17-Sep-2019 19:17:39.132 INFO [Thread-3] org.apache.coyote.AbstractProtocol.pause Pausing ProtocolHandler ["http-nio-8080"]
17-Sep-2019 19:17:39.139 INFO [Thread-3] org.apache.coyote.AbstractProtocol.pause Pausing ProtocolHandler ["ajp-nio-8009"]
17-Sep-2019 19:17:39.247 INFO [Thread-3] org.apache.catalina.core.StandardService.stopInternal Stopping service [Catalina]
17-Sep-2019 19:17:39.621 INFO [Thread-3] org.apache.coyote.AbstractProtocol.stop Stopping ProtocolHandler ["ajp-nio-8009"]
17-Sep-2019 19:17:39.633 INFO [Thread-3] org.apache.coyote.AbstractProtocol.stop Stopping ProtocolHandler ["http-nio-8080"]
17-Sep-2019 19:17:39.634 INFO [Thread-3] org.apache.coyote.AbstractProtocol.destroy Destroying ProtocolHandler ["http-nio-8080"]
17-Sep-2019 19:17:39.635 INFO [Thread-3] org.apache.coyote.AbstractProtocol.destroy Destroying ProtocolHandler ["ajp-nio-8009"]
17-Sep-2019 19:20:38.823 INFO [main] org.apache.catalina.startup.VersionLoggerListener.log Server version name:   Apache Tomcat/9.0.24
17-Sep-2019 19:20:38.838 INFO [main] org.apache.catalina.startup.VersionLoggerListener.log Server built:          Aug 14 2019 21:16:42 UTC
17-Sep-2019 19:20:38.839 INFO [main] org.apache.catalina.startup.VersionLoggerListener.log Server version number: 9.0.24.0
17-Sep-2019 19:20:38.840 INFO [main] org.apache.catalina.startup.VersionLoggerListener.log OS Name:               Linux
17-Sep-2019 19:20:38.841 INFO [main] org.apache.catalina.startup.VersionLoggerListener.log OS Version:            4.19.0-6-amd64
17-Sep-2019 19:20:38.842 INFO [main] org.apache.catalina.startup.VersionLoggerListener.log Architecture:          amd64
17-Sep-2019 19:20:38.843 INFO [main] org.apache.catalina.startup.VersionLoggerListener.log Java Home:             /usr/lib/jvm/java-11-openjdk-amd64
17-Sep-2019 19:20:38.843 INFO [main] org.apache.catalina.startup.VersionLoggerListener.log JVM Version:           11.0.4+11-post-Debian-1deb10u1
17-Sep-2019 19:20:38.844 INFO [main] org.apache.catalina.startup.VersionLoggerListener.log JVM Vendor:            Debian
17-Sep-2019 19:20:38.844 INFO [main] org.apache.catalina.startup.VersionLoggerListener.log CATALINA_BASE:         /var/lib/apache-tomcat-9.0.24
17-Sep-2019 19:20:38.845 INFO [main] org.apache.catalina.startup.VersionLoggerListener.log CATALINA_HOME:         /var/lib/apache-tomcat-9.0.24
17-Sep-2019 19:20:38.926 INFO [main] org.apache.catalina.startup.VersionLoggerListener.log Command line argument: --add-opens=java.base/java.lang=ALL-UNNAMED
17-Sep-2019 19:20:38.927 INFO [main] org.apache.catalina.startup.VersionLoggerListener.log Command line argument: --add-opens=java.base/java.io=ALL-UNNAMED
17-Sep-2019 19:20:38.928 INFO [main] org.apache.catalina.startup.VersionLoggerListener.log Command line argument: --add-opens=java.rmi/sun.rmi.transport=ALL-UNNAMED
17-Sep-2019 19:20:38.929 INFO [main] org.apache.catalina.startup.VersionLoggerListener.log Command line argument: -Djava.util.logging.config.file=/var/lib/apache-tomcat-9.0.24/conf/logging.properties
17-Sep-2019 19:20:38.929 INFO [main] org.apache.catalina.startup.VersionLoggerListener.log Command line argument: -Djava.util.logging.manager=org.apache.juli.ClassLoaderLogManager
17-Sep-2019 19:20:38.930 INFO [main] org.apache.catalina.startup.VersionLoggerListener.log Command line argument: -Djdk.tls.ephemeralDHKeySize=2048
17-Sep-2019 19:20:38.930 INFO [main] org.apache.catalina.startup.VersionLoggerListener.log Command line argument: -Djava.protocol.handler.pkgs=org.apache.catalina.webresources
17-Sep-2019 19:20:38.931 INFO [main] org.apache.catalina.startup.VersionLoggerListener.log Command line argument: -Dorg.apache.catalina.security.SecurityListener.UMASK=0027
17-Sep-2019 19:20:38.931 INFO [main] org.apache.catalina.startup.VersionLoggerListener.log Command line argument: -Dignore.endorsed.dirs=
17-Sep-2019 19:20:38.932 INFO [main] org.apache.catalina.startup.VersionLoggerListener.log Command line argument: -Dcatalina.base=/var/lib/apache-tomcat-9.0.24
17-Sep-2019 19:20:38.933 INFO [main] org.apache.catalina.startup.VersionLoggerListener.log Command line argument: -Dcatalina.home=/var/lib/apache-tomcat-9.0.24
17-Sep-2019 19:20:38.933 INFO [main] org.apache.catalina.startup.VersionLoggerListener.log Command line argument: -Djava.io.tmpdir=/var/lib/apache-tomcat-9.0.24/temp
17-Sep-2019 19:20:38.934 INFO [main] org.apache.catalina.core.AprLifecycleListener.lifecycleEvent The APR based Apache Tomcat Native library which allows optimal performance in production environments was not found on the java.library.path: [/usr/java/packages/lib:/usr/lib/x86_64-linux-gnu/jni:/lib/x86_64-linux-gnu:/usr/lib/x86_64-linux-gnu:/usr/lib/jni:/lib:/usr/lib]
17-Sep-2019 19:20:40.523 INFO [main] org.apache.coyote.AbstractProtocol.init Initializing ProtocolHandler ["http-nio-80"]
17-Sep-2019 19:20:40.668 INFO [main] org.apache.coyote.AbstractProtocol.init Initializing ProtocolHandler ["ajp-nio-8009"]
17-Sep-2019 19:20:40.677 INFO [main] org.apache.catalina.startup.Catalina.load Server initialization in [2,864] milliseconds
17-Sep-2019 19:20:41.015 INFO [main] org.apache.catalina.core.StandardService.startInternal Starting service [Catalina]
17-Sep-2019 19:20:41.016 INFO [main] org.apache.catalina.core.StandardEngine.startInternal Starting Servlet engine: [Apache Tomcat/9.0.24]
17-Sep-2019 19:20:41.064 INFO [main] org.apache.catalina.startup.HostConfig.deployDirectory Deploying web application directory [/var/lib/apache-tomcat-9.0.24/webapps/docs]
17-Sep-2019 19:20:42.394 INFO [main] org.apache.catalina.startup.HostConfig.deployDirectory Deployment of web application directory [/var/lib/apache-tomcat-9.0.24/webapps/docs] has finished in [1,330] ms
17-Sep-2019 19:20:42.396 INFO [main] org.apache.catalina.startup.HostConfig.deployDirectory Deploying web application directory [/var/lib/apache-tomcat-9.0.24/webapps/host-manager]
17-Sep-2019 19:20:42.541 INFO [main] org.apache.catalina.startup.HostConfig.deployDirectory Deployment of web application directory [/var/lib/apache-tomcat-9.0.24/webapps/host-manager] has finished in [146] ms
17-Sep-2019 19:20:42.543 INFO [main] org.apache.catalina.startup.HostConfig.deployDirectory Deploying web application directory [/var/lib/apache-tomcat-9.0.24/webapps/manager]
17-Sep-2019 19:20:42.760 INFO [main] org.apache.catalina.startup.HostConfig.deployDirectory Deployment of web application directory [/var/lib/apache-tomcat-9.0.24/webapps/manager] has finished in [216] ms
17-Sep-2019 19:20:42.761 INFO [main] org.apache.catalina.startup.HostConfig.deployDirectory Deploying web application directory [/var/lib/apache-tomcat-9.0.24/webapps/ROOT]
17-Sep-2019 19:20:42.904 INFO [main] org.apache.catalina.startup.HostConfig.deployDirectory Deployment of web application directory [/var/lib/apache-tomcat-9.0.24/webapps/ROOT] has finished in [143] ms
17-Sep-2019 19:20:42.906 INFO [main] org.apache.catalina.startup.HostConfig.deployDirectory Deploying web application directory [/var/lib/apache-tomcat-9.0.24/webapps/examples]
17-Sep-2019 19:20:44.272 INFO [main] org.apache.catalina.startup.HostConfig.deployDirectory Deployment of web application directory [/var/lib/apache-tomcat-9.0.24/webapps/examples] has finished in [1,365] ms
17-Sep-2019 19:20:44.295 INFO [main] org.apache.coyote.AbstractProtocol.start Starting ProtocolHandler ["http-nio-80"]
17-Sep-2019 19:20:44.402 INFO [main] org.apache.coyote.AbstractProtocol.start Starting ProtocolHandler ["ajp-nio-8009"]
17-Sep-2019 19:20:44.419 INFO [main] org.apache.catalina.startup.Catalina.start Server startup in [3,738] milliseconds
17-Sep-2019 19:21:00.975 INFO [Thread-4] org.apache.coyote.AbstractProtocol.pause Pausing ProtocolHandler ["http-nio-80"]
17-Sep-2019 19:21:01.069 INFO [Thread-4] org.apache.coyote.AbstractProtocol.pause Pausing ProtocolHandler ["ajp-nio-8009"]
17-Sep-2019 19:21:01.078 INFO [Thread-4] org.apache.catalina.core.StandardService.stopInternal Stopping service [Catalina]
17-Sep-2019 19:21:01.290 INFO [Thread-4] org.apache.coyote.AbstractProtocol.stop Stopping ProtocolHandler ["http-nio-80"]
17-Sep-2019 19:21:01.308 INFO [Thread-4] org.apache.coyote.AbstractProtocol.stop Stopping ProtocolHandler ["ajp-nio-8009"]
17-Sep-2019 19:21:01.320 INFO [Thread-4] org.apache.coyote.AbstractProtocol.destroy Destroying ProtocolHandler ["http-nio-80"]
17-Sep-2019 19:21:01.325 INFO [Thread-4] org.apache.coyote.AbstractProtocol.destroy Destroying ProtocolHandler ["ajp-nio-8009"]
17-Sep-2019 19:48:27.419 INFO [main] org.apache.catalina.startup.VersionLoggerListener.log Server version name:   Apache Tomcat/9.0.24
17-Sep-2019 19:48:27.434 INFO [main] org.apache.catalina.startup.VersionLoggerListener.log Server built:          Aug 14 2019 21:16:42 UTC
17-Sep-2019 19:48:27.435 INFO [main] org.apache.catalina.startup.VersionLoggerListener.log Server version number: 9.0.24.0
17-Sep-2019 19:48:27.436 INFO [main] org.apache.catalina.startup.VersionLoggerListener.log OS Name:               Linux
17-Sep-2019 19:48:27.436 INFO [main] org.apache.catalina.startup.VersionLoggerListener.log OS Version:            4.19.0-6-amd64
17-Sep-2019 19:48:27.437 INFO [main] org.apache.catalina.startup.VersionLoggerListener.log Architecture:          amd64
17-Sep-2019 19:48:27.438 INFO [main] org.apache.catalina.startup.VersionLoggerListener.log Java Home:             /usr/lib/jvm/java-11-openjdk-amd64
17-Sep-2019 19:48:27.438 INFO [main] org.apache.catalina.startup.VersionLoggerListener.log JVM Version:           11.0.4+11-post-Debian-1deb10u1
17-Sep-2019 19:48:27.439 INFO [main] org.apache.catalina.startup.VersionLoggerListener.log JVM Vendor:            Debian
17-Sep-2019 19:48:27.440 INFO [main] org.apache.catalina.startup.VersionLoggerListener.log CATALINA_BASE:         /var/lib/tomcat9
17-Sep-2019 19:48:27.441 INFO [main] org.apache.catalina.startup.VersionLoggerListener.log CATALINA_HOME:         /var/lib/tomcat9
17-Sep-2019 19:48:27.516 INFO [main] org.apache.catalina.startup.VersionLoggerListener.log Command line argument: --add-opens=java.base/java.lang=ALL-UNNAMED
17-Sep-2019 19:48:27.516 INFO [main] org.apache.catalina.startup.VersionLoggerListener.log Command line argument: --add-opens=java.base/java.io=ALL-UNNAMED
17-Sep-2019 19:48:27.517 INFO [main] org.apache.catalina.startup.VersionLoggerListener.log Command line argument: --add-opens=java.rmi/sun.rmi.transport=ALL-UNNAMED
17-Sep-2019 19:48:27.518 INFO [main] org.apache.catalina.startup.VersionLoggerListener.log Command line argument: -Djava.util.logging.config.file=/var/lib/tomcat9/conf/logging.properties
17-Sep-2019 19:48:27.518 INFO [main] org.apache.catalina.startup.VersionLoggerListener.log Command line argument: -Djava.util.logging.manager=org.apache.juli.ClassLoaderLogManager
17-Sep-2019 19:48:27.519 INFO [main] org.apache.catalina.startup.VersionLoggerListener.log Command line argument: -Djdk.tls.ephemeralDHKeySize=2048
17-Sep-2019 19:48:27.520 INFO [main] org.apache.catalina.startup.VersionLoggerListener.log Command line argument: -Djava.protocol.handler.pkgs=org.apache.catalina.webresources
17-Sep-2019 19:48:27.520 INFO [main] org.apache.catalina.startup.VersionLoggerListener.log Command line argument: -Dorg.apache.catalina.security.SecurityListener.UMASK=0027
17-Sep-2019 19:48:27.521 INFO [main] org.apache.catalina.startup.VersionLoggerListener.log Command line argument: -Dignore.endorsed.dirs=
17-Sep-2019 19:48:27.522 INFO [main] org.apache.catalina.startup.VersionLoggerListener.log Command line argument: -Dcatalina.base=/var/lib/tomcat9
17-Sep-2019 19:48:27.523 INFO [main] org.apache.catalina.startup.VersionLoggerListener.log Command line argument: -Dcatalina.home=/var/lib/tomcat9
17-Sep-2019 19:48:27.524 INFO [main] org.apache.catalina.startup.VersionLoggerListener.log Command line argument: -Djava.io.tmpdir=/var/lib/tomcat9/temp
17-Sep-2019 19:48:27.525 INFO [main] org.apache.catalina.core.AprLifecycleListener.lifecycleEvent The APR based Apache Tomcat Native library which allows optimal performance in production environments was not found on the java.library.path: [/usr/java/packages/lib:/usr/lib/x86_64-linux-gnu/jni:/lib/x86_64-linux-gnu:/usr/lib/x86_64-linux-gnu:/usr/lib/jni:/lib:/usr/lib]
17-Sep-2019 19:48:28.859 INFO [main] org.apache.coyote.AbstractProtocol.init Initializing ProtocolHandler ["http-nio-80"]
17-Sep-2019 19:48:28.978 INFO [main] org.apache.coyote.AbstractProtocol.init Initializing ProtocolHandler ["ajp-nio-8009"]
17-Sep-2019 19:48:28.991 INFO [main] org.apache.catalina.startup.Catalina.load Server initialization in [2,579] milliseconds
17-Sep-2019 19:48:29.321 INFO [main] org.apache.catalina.core.StandardService.startInternal Starting service [Catalina]
17-Sep-2019 19:48:29.323 INFO [main] org.apache.catalina.core.StandardEngine.startInternal Starting Servlet engine: [Apache Tomcat/9.0.24]
17-Sep-2019 19:48:29.356 INFO [main] org.apache.catalina.startup.HostConfig.deployDirectory Deploying web application directory [/var/lib/tomcat9/webapps/docs]
17-Sep-2019 19:48:30.439 INFO [main] org.apache.catalina.startup.HostConfig.deployDirectory Deployment of web application directory [/var/lib/tomcat9/webapps/docs] has finished in [1,083] ms
17-Sep-2019 19:48:30.440 INFO [main] org.apache.catalina.startup.HostConfig.deployDirectory Deploying web application directory [/var/lib/tomcat9/webapps/host-manager]
17-Sep-2019 19:48:30.581 INFO [main] org.apache.catalina.startup.HostConfig.deployDirectory Deployment of web application directory [/var/lib/tomcat9/webapps/host-manager] has finished in [141] ms
17-Sep-2019 19:48:30.583 INFO [main] org.apache.catalina.startup.HostConfig.deployDirectory Deploying web application directory [/var/lib/tomcat9/webapps/manager]
17-Sep-2019 19:48:30.690 INFO [main] org.apache.catalina.startup.HostConfig.deployDirectory Deployment of web application directory [/var/lib/tomcat9/webapps/manager] has finished in [107] ms
17-Sep-2019 19:48:30.691 INFO [main] org.apache.catalina.startup.HostConfig.deployDirectory Deploying web application directory [/var/lib/tomcat9/webapps/ROOT]
17-Sep-2019 19:48:30.767 INFO [main] org.apache.catalina.startup.HostConfig.deployDirectory Deployment of web application directory [/var/lib/tomcat9/webapps/ROOT] has finished in [76] ms
17-Sep-2019 19:48:30.769 INFO [main] org.apache.catalina.startup.HostConfig.deployDirectory Deploying web application directory [/var/lib/tomcat9/webapps/examples]
17-Sep-2019 19:48:31.857 INFO [main] org.apache.catalina.startup.HostConfig.deployDirectory Deployment of web application directory [/var/lib/tomcat9/webapps/examples] has finished in [1,089] ms
17-Sep-2019 19:48:31.877 INFO [main] org.apache.coyote.AbstractProtocol.start Starting ProtocolHandler ["http-nio-80"]
17-Sep-2019 19:48:31.932 INFO [main] org.apache.coyote.AbstractProtocol.start Starting ProtocolHandler ["ajp-nio-8009"]
17-Sep-2019 19:48:31.948 INFO [main] org.apache.catalina.startup.Catalina.start Server startup in [2,955] milliseconds
