NOTE: Picked up JDK_JAVA_OPTIONS:  --add-opens=java.base/java.lang=ALL-UNNAMED --add-opens=java.base/java.io=ALL-UNNAMED --add-opens=java.rmi/sun.rmi.transport=ALL-UNNAMED
17-Sep-2019 19:48:27.419 INFO [main] org.apache.catalina.startup.VersionLoggerListener.log Server version name:   Apache Tomcat/9.0.24
17-Sep-2019 19:48:27.434 INFO [main] org.apache.catalina.startup.VersionLoggerListener.log Server built:          Aug 14 2019 21:16:42 UTC
17-Sep-2019 19:48:27.435 INFO [main] org.apache.catalina.startup.VersionLoggerListener.log Server version number: 9.0.24.0
17-Sep-2019 19:48:27.436 INFO [main] org.apache.catalina.startup.VersionLoggerListener.log OS Name:               Linux
17-Sep-2019 19:48:27.436 INFO [main] org.apache.catalina.startup.VersionLoggerListener.log OS Version:            4.19.0-6-amd64
17-Sep-2019 19:48:27.437 INFO [main] org.apache.catalina.startup.VersionLoggerListener.log Architecture:          amd64
17-Sep-2019 19:48:27.438 INFO [main] org.apache.catalina.startup.VersionLoggerListener.log Java Home:             /usr/lib/jvm/java-11-openjdk-amd64
17-Sep-2019 19:48:27.438 INFO [main] org.apache.catalina.startup.VersionLoggerListener.log JVM Version:           11.0.4+11-post-Debian-1deb10u1
17-Sep-2019 19:48:27.439 INFO [main] org.apache.catalina.startup.VersionLoggerListener.log JVM Vendor:            Debian
17-Sep-2019 19:48:27.440 INFO [main] org.apache.catalina.startup.VersionLoggerListener.log CATALINA_BASE:         /var/lib/tomcat9
17-Sep-2019 19:48:27.441 INFO [main] org.apache.catalina.startup.VersionLoggerListener.log CATALINA_HOME:         /var/lib/tomcat9
17-Sep-2019 19:48:27.516 INFO [main] org.apache.catalina.startup.VersionLoggerListener.log Command line argument: --add-opens=java.base/java.lang=ALL-UNNAMED
17-Sep-2019 19:48:27.516 INFO [main] org.apache.catalina.startup.VersionLoggerListener.log Command line argument: --add-opens=java.base/java.io=ALL-UNNAMED
17-Sep-2019 19:48:27.517 INFO [main] org.apache.catalina.startup.VersionLoggerListener.log Command line argument: --add-opens=java.rmi/sun.rmi.transport=ALL-UNNAMED
17-Sep-2019 19:48:27.518 INFO [main] org.apache.catalina.startup.VersionLoggerListener.log Command line argument: -Djava.util.logging.config.file=/var/lib/tomcat9/conf/logging.properties
17-Sep-2019 19:48:27.518 INFO [main] org.apache.catalina.startup.VersionLoggerListener.log Command line argument: -Djava.util.logging.manager=org.apache.juli.ClassLoaderLogManager
17-Sep-2019 19:48:27.519 INFO [main] org.apache.catalina.startup.VersionLoggerListener.log Command line argument: -Djdk.tls.ephemeralDHKeySize=2048
17-Sep-2019 19:48:27.520 INFO [main] org.apache.catalina.startup.VersionLoggerListener.log Command line argument: -Djava.protocol.handler.pkgs=org.apache.catalina.webresources
17-Sep-2019 19:48:27.520 INFO [main] org.apache.catalina.startup.VersionLoggerListener.log Command line argument: -Dorg.apache.catalina.security.SecurityListener.UMASK=0027
17-Sep-2019 19:48:27.521 INFO [main] org.apache.catalina.startup.VersionLoggerListener.log Command line argument: -Dignore.endorsed.dirs=
17-Sep-2019 19:48:27.522 INFO [main] org.apache.catalina.startup.VersionLoggerListener.log Command line argument: -Dcatalina.base=/var/lib/tomcat9
17-Sep-2019 19:48:27.523 INFO [main] org.apache.catalina.startup.VersionLoggerListener.log Command line argument: -Dcatalina.home=/var/lib/tomcat9
17-Sep-2019 19:48:27.524 INFO [main] org.apache.catalina.startup.VersionLoggerListener.log Command line argument: -Djava.io.tmpdir=/var/lib/tomcat9/temp
17-Sep-2019 19:48:27.525 INFO [main] org.apache.catalina.core.AprLifecycleListener.lifecycleEvent The APR based Apache Tomcat Native library which allows optimal performance in production environments was not found on the java.library.path: [/usr/java/packages/lib:/usr/lib/x86_64-linux-gnu/jni:/lib/x86_64-linux-gnu:/usr/lib/x86_64-linux-gnu:/usr/lib/jni:/lib:/usr/lib]
17-Sep-2019 19:48:28.859 INFO [main] org.apache.coyote.AbstractProtocol.init Initializing ProtocolHandler ["http-nio-80"]
17-Sep-2019 19:48:28.978 INFO [main] org.apache.coyote.AbstractProtocol.init Initializing ProtocolHandler ["ajp-nio-8009"]
17-Sep-2019 19:48:28.991 INFO [main] org.apache.catalina.startup.Catalina.load Server initialization in [2,579] milliseconds
17-Sep-2019 19:48:29.321 INFO [main] org.apache.catalina.core.StandardService.startInternal Starting service [Catalina]
17-Sep-2019 19:48:29.323 INFO [main] org.apache.catalina.core.StandardEngine.startInternal Starting Servlet engine: [Apache Tomcat/9.0.24]
17-Sep-2019 19:48:29.356 INFO [main] org.apache.catalina.startup.HostConfig.deployDirectory Deploying web application directory [/var/lib/tomcat9/webapps/docs]
17-Sep-2019 19:48:30.439 INFO [main] org.apache.catalina.startup.HostConfig.deployDirectory Deployment of web application directory [/var/lib/tomcat9/webapps/docs] has finished in [1,083] ms
17-Sep-2019 19:48:30.440 INFO [main] org.apache.catalina.startup.HostConfig.deployDirectory Deploying web application directory [/var/lib/tomcat9/webapps/host-manager]
17-Sep-2019 19:48:30.581 INFO [main] org.apache.catalina.startup.HostConfig.deployDirectory Deployment of web application directory [/var/lib/tomcat9/webapps/host-manager] has finished in [141] ms
17-Sep-2019 19:48:30.583 INFO [main] org.apache.catalina.startup.HostConfig.deployDirectory Deploying web application directory [/var/lib/tomcat9/webapps/manager]
17-Sep-2019 19:48:30.690 INFO [main] org.apache.catalina.startup.HostConfig.deployDirectory Deployment of web application directory [/var/lib/tomcat9/webapps/manager] has finished in [107] ms
17-Sep-2019 19:48:30.691 INFO [main] org.apache.catalina.startup.HostConfig.deployDirectory Deploying web application directory [/var/lib/tomcat9/webapps/ROOT]
17-Sep-2019 19:48:30.767 INFO [main] org.apache.catalina.startup.HostConfig.deployDirectory Deployment of web application directory [/var/lib/tomcat9/webapps/ROOT] has finished in [76] ms
17-Sep-2019 19:48:30.769 INFO [main] org.apache.catalina.startup.HostConfig.deployDirectory Deploying web application directory [/var/lib/tomcat9/webapps/examples]
17-Sep-2019 19:48:31.857 INFO [main] org.apache.catalina.startup.HostConfig.deployDirectory Deployment of web application directory [/var/lib/tomcat9/webapps/examples] has finished in [1,089] ms
17-Sep-2019 19:48:31.877 INFO [main] org.apache.coyote.AbstractProtocol.start Starting ProtocolHandler ["http-nio-80"]
17-Sep-2019 19:48:31.932 INFO [main] org.apache.coyote.AbstractProtocol.start Starting ProtocolHandler ["ajp-nio-8009"]
17-Sep-2019 19:48:31.948 INFO [main] org.apache.catalina.startup.Catalina.start Server startup in [2,955] milliseconds
20-Sep-2019 06:07:14.327 WARNING [main] org.apache.catalina.core.StandardServer.await The socket listening for the shutdown command experienced an unexpected timeout [209,922,260] milliseconds after the call to accept(). Is this an instance of bug 56684?
	java.net.SocketTimeoutException: Accept timed out
		at java.base/java.net.PlainSocketImpl.socketAccept(Native Method)
		at java.base/java.net.AbstractPlainSocketImpl.accept(AbstractPlainSocketImpl.java:458)
		at java.base/java.net.ServerSocket.implAccept(ServerSocket.java:551)
		at java.base/java.net.ServerSocket.accept(ServerSocket.java:519)
		at org.apache.catalina.core.StandardServer.await(StandardServer.java:609)
		at org.apache.catalina.startup.Catalina.await(Catalina.java:721)
		at org.apache.catalina.startup.Catalina.start(Catalina.java:667)
		at java.base/jdk.internal.reflect.NativeMethodAccessorImpl.invoke0(Native Method)
		at java.base/jdk.internal.reflect.NativeMethodAccessorImpl.invoke(NativeMethodAccessorImpl.java:62)
		at java.base/jdk.internal.reflect.DelegatingMethodAccessorImpl.invoke(DelegatingMethodAccessorImpl.java:43)
		at java.base/java.lang.reflect.Method.invoke(Method.java:566)
		at org.apache.catalina.startup.Bootstrap.start(Bootstrap.java:344)
		at org.apache.catalina.startup.Bootstrap.main(Bootstrap.java:475)
20-Sep-2019 06:07:14.431 INFO [Thread-4] org.apache.coyote.AbstractProtocol.pause Pausing ProtocolHandler ["http-nio-80"]
20-Sep-2019 06:07:14.670 INFO [Thread-4] org.apache.coyote.AbstractProtocol.pause Pausing ProtocolHandler ["ajp-nio-8009"]
20-Sep-2019 06:07:14.682 INFO [Thread-4] org.apache.catalina.core.StandardService.stopInternal Stopping service [Catalina]
20-Sep-2019 06:07:15.363 INFO [Thread-4] org.apache.coyote.AbstractProtocol.stop Stopping ProtocolHandler ["http-nio-80"]
20-Sep-2019 06:07:15.443 INFO [Thread-4] org.apache.coyote.AbstractProtocol.stop Stopping ProtocolHandler ["ajp-nio-8009"]
20-Sep-2019 06:07:15.537 INFO [Thread-4] org.apache.coyote.AbstractProtocol.destroy Destroying ProtocolHandler ["http-nio-80"]
20-Sep-2019 06:07:15.544 INFO [Thread-4] org.apache.coyote.AbstractProtocol.destroy Destroying ProtocolHandler ["ajp-nio-8009"]
