20-Sep-2019 06:07:14.327 WARNING [main] org.apache.catalina.core.StandardServer.await The socket listening for the shutdown command experienced an unexpected timeout [209,922,260] milliseconds after the call to accept(). Is this an instance of bug 56684?
	java.net.SocketTimeoutException: Accept timed out
		at java.base/java.net.PlainSocketImpl.socketAccept(Native Method)
		at java.base/java.net.AbstractPlainSocketImpl.accept(AbstractPlainSocketImpl.java:458)
		at java.base/java.net.ServerSocket.implAccept(ServerSocket.java:551)
		at java.base/java.net.ServerSocket.accept(ServerSocket.java:519)
		at org.apache.catalina.core.StandardServer.await(StandardServer.java:609)
		at org.apache.catalina.startup.Catalina.await(Catalina.java:721)
		at org.apache.catalina.startup.Catalina.start(Catalina.java:667)
		at java.base/jdk.internal.reflect.NativeMethodAccessorImpl.invoke0(Native Method)
		at java.base/jdk.internal.reflect.NativeMethodAccessorImpl.invoke(NativeMethodAccessorImpl.java:62)
		at java.base/jdk.internal.reflect.DelegatingMethodAccessorImpl.invoke(DelegatingMethodAccessorImpl.java:43)
		at java.base/java.lang.reflect.Method.invoke(Method.java:566)
		at org.apache.catalina.startup.Bootstrap.start(Bootstrap.java:344)
		at org.apache.catalina.startup.Bootstrap.main(Bootstrap.java:475)
20-Sep-2019 06:07:14.431 INFO [Thread-4] org.apache.coyote.AbstractProtocol.pause Pausing ProtocolHandler ["http-nio-80"]
20-Sep-2019 06:07:14.670 INFO [Thread-4] org.apache.coyote.AbstractProtocol.pause Pausing ProtocolHandler ["ajp-nio-8009"]
20-Sep-2019 06:07:14.682 INFO [Thread-4] org.apache.catalina.core.StandardService.stopInternal Stopping service [Catalina]
20-Sep-2019 06:07:15.363 INFO [Thread-4] org.apache.coyote.AbstractProtocol.stop Stopping ProtocolHandler ["http-nio-80"]
20-Sep-2019 06:07:15.443 INFO [Thread-4] org.apache.coyote.AbstractProtocol.stop Stopping ProtocolHandler ["ajp-nio-8009"]
20-Sep-2019 06:07:15.537 INFO [Thread-4] org.apache.coyote.AbstractProtocol.destroy Destroying ProtocolHandler ["http-nio-80"]
20-Sep-2019 06:07:15.544 INFO [Thread-4] org.apache.coyote.AbstractProtocol.destroy Destroying ProtocolHandler ["ajp-nio-8009"]
