1.exe
1.txt
10221.rar
1_1.exe
2.txt
25000.exe
261664
3.exe
311.exe
32
3306.zip_
36000.exe
64
64.zip
711.exe
ExeBinder.exe
Fallen.exe
GetPass.exe
Inte.exe
LX64
Linux3264fouM.1.0_se.rar
NetSyst81.dll
POP
SAY123
SAY456
Server.exe
Server.rar
TSmm
TomDog_Result.html
a.rar
a06
a07
a08
a09
a10
aaaa.rar
b.rar
banner313.pl
c.rar
desktop.ini
f.sh
g3m.pl
getbinaries.sh
hfs.exe
hfs_1.exe
hg
hosst
host.exe
index.html
java
java(1)
ktx-armer
ktx-i686er
ktx-mipsel
lyjq
mips
mips-ktx
mm.rar
moren.exe
multi.py
ou.exe
payw
pma.pl
proxyt.exe
proxyt_1.exe
putty.exe
rc.local
s-3.rar
se.exe
ss32
ss64
ssh.sh
ssh12
ssh32
ssh64
ssh66
ssh88
ssh_1.sh
svchost (2).exe
svchost.exe
svchost.exe.1
svchost.exe.1_
tfddos.exe
vip.exe
wso2.5.1.php
x64-ktx
xiaoma
xmit32
xudp
yk.exe
yk1.exe
z2
